[2021-11-09T07:53:49.860] [INFO] [Default] - POST 200 /api/public/user/register 请求参数： {"username":"lisi2","password":"123456","nickname":"anne","sex":3} 响应参数： {"success":false,"errorCode":40202,"errorMsg":"用户已存在"} - ::1 - 877ms
[2021-11-09T07:55:34.495] [INFO] [Default] - POST 200 /api/public/user/register 请求参数： {"username":"lisi2","password":"123456","nickname":"anne","sex":3} 响应参数： {"success":false,"errorCode":40202,"errorMsg":"用户已存在"} - ::1 - 477ms
[2021-11-09T07:57:38.615] [INFO] [Default] - POST 200 /api/public/user/register 请求参数： {"username":"lisi2","password":"123456","nickname":"anne","sex":3} 响应参数： {"success":false,"errorCode":40202,"errorMsg":"用户已存在"} - ::1 - 5558ms
[2021-11-09T09:36:15.697] [INFO] [Default] - POST 200 /api/public/user/register 请求参数： {"username":"user_1636421775482","password":"psd_1636421775482","nickname":"user_1636421775482","sex":1} 响应参数： {"success":true,"data":{}} - ::ffff:127.0.0.1 - 194ms
[2021-11-09T09:36:15.750] [INFO] [Default] - POST 200 /api/public/user/register 请求参数： {"username":"user_1636421775482","password":"psd_1636421775482","nickname":"user_1636421775482","sex":1} 响应参数： {"success":false,"errorCode":40202,"errorMsg":"用户已存在"} - ::ffff:127.0.0.1 - 17ms
[2021-11-09T09:36:15.838] [INFO] [Default] - POST 200 /api/public/user/login 请求参数： {"username":"user_1636421775482","password":"psd_1636421775482"} 响应参数： {"success":true,"data":{"id":18,"username":"user_1636421775482","nickname":"user_1636421775482","token":"eyJhbGciOiJIUzI1NiIsInR5cCI6IkpXVCJ9.eyJ1c2VySWQiOjE4LCJ1c2VybmFtZSI6InVzZXJfMTYzNjQyMTc3NTQ4MiIsImlhdCI6MTYzNjQyMTc3NSwiZXhwIjoxNjM2NDI4OTc1fQ.Cz_kdVNCxtD8aFfxEwvZ9_MA1iscSmHKcq5H_dzuMVo"}} - ::ffff:127.0.0.1 - 15ms
[2021-11-09T09:42:59.668] [INFO] [Default] - POST 200 /api/public/user/register 请求参数： {"username":"user_1636422179437","password":"psd_1636422179437","nickname":"user_1636422179437","sex":1} 响应参数： {"success":true,"data":{}} - ::ffff:127.0.0.1 - 180ms
[2021-11-09T09:42:59.719] [INFO] [Default] - POST 200 /api/public/user/register 请求参数： {"username":"user_1636422179437","password":"psd_1636422179437","nickname":"user_1636422179437","sex":1} 响应参数： {"success":false,"errorCode":40202,"errorMsg":"用户已存在"} - ::ffff:127.0.0.1 - 22ms
[2021-11-09T09:42:59.801] [INFO] [Default] - POST 200 /api/public/user/login 请求参数： {"username":"user_1636422179437","password":"psd_1636422179437"} 响应参数： {"success":true,"data":{"id":19,"username":"user_1636422179437","nickname":"user_1636422179437","token":"eyJhbGciOiJIUzI1NiIsInR5cCI6IkpXVCJ9.eyJ1c2VySWQiOjE5LCJ1c2VybmFtZSI6InVzZXJfMTYzNjQyMjE3OTQzNyIsImlhdCI6MTYzNjQyMjE3OSwiZXhwIjoxNjM2NDI5Mzc5fQ.rQdEtXsuh1KZ3h93P395odC-ntSj0w63fx_muCcEaUE"}} - ::ffff:127.0.0.1 - 5ms
[2021-11-09T10:16:14.164] [INFO] [Default] - POST 200 /api/public/user/register 请求参数： {"username":"lisi2","password":"123456","nickname":"anne","sex":3} 响应参数： {"success":false,"errorCode":40202,"errorMsg":"用户已存在"} - ::1 - 104ms
[2021-11-09T10:16:29.741] [INFO] [Default] - POST 200 /api/public/user/register 请求参数： {"username":"lisi2","password":"123456","nickname":"anne","sex":3} 响应参数： {"success":false,"errorCode":40202,"errorMsg":"用户已存在..."} - ::1 - 119ms
[2021-11-09T10:23:03.474] [INFO] [Default] - POST 200 /api/public/user/register 请求参数： {"username":"lisi2","password":"123456","nickname":"anne","sex":3} 响应参数： {"success":false,"errorCode":40202,"errorMsg":"用户已存在..."} - ::1 - 108ms
[2021-11-09T10:23:16.670] [INFO] [Default] - POST 200 /api/public/user/register 请求参数： {"username":"lisi2","password":"123456","nickname":"anne","sex":3} 响应参数： {"success":false,"errorCode":40202,"errorMsg":"用户已存在..."} - ::1 - 21ms
[2021-11-09T10:23:18.610] [INFO] [Default] - POST 200 /api/public/user/register 请求参数： {"username":"lisi2","password":"123456","nickname":"anne","sex":3} 响应参数： {"success":false,"errorCode":40202,"errorMsg":"用户已存在..."} - ::1 - 5ms
[2021-11-09T10:24:25.795] [INFO] [Default] - POST 200 /api/public/user/register 请求参数： {"username":"lisi2","password":"123456","nickname":"anne","sex":3} 响应参数： {"success":false,"errorCode":40202,"errorMsg":"用户已存在"} - ::1 - 95ms
[2021-11-09T10:24:37.989] [INFO] [Default] - POST 200 /api/public/user/register 请求参数： {"username":"lisi2","password":"123456","nickname":"anne","sex":3} 响应参数： {"success":false,"errorCode":40202,"errorMsg":"用户已存在..."} - ::1 - 90ms
[2021-11-09T10:24:44.779] [INFO] [Default] - POST 200 /api/public/user/register 请求参数： {"username":"lisi2","password":"123456","nickname":"anne","sex":3} 响应参数： {"success":false,"errorCode":40202,"errorMsg":"用户已存在"} - ::1 - 109ms
[2021-11-09T10:25:16.780] [INFO] [Default] - POST 200 /api/public/user/register 请求参数： {"username":"lisi2","password":"123456","nickname":"anne","sex":3} 响应参数： {"success":false,"errorCode":40202,"errorMsg":"用户已存在"} - ::1 - 96ms
[2021-11-09T10:25:25.697] [INFO] [Default] - POST 200 /api/public/user/register 请求参数： {"username":"lisi2","password":"123456","nickname":"anne","sex":3} 响应参数： {"success":false,"errorCode":40202,"errorMsg":"用户已存在"} - ::1 - 6ms
[2021-11-09T10:25:26.827] [INFO] [Default] - POST 200 /api/public/user/register 请求参数： {"username":"lisi2","password":"123456","nickname":"anne","sex":3} 响应参数： {"success":false,"errorCode":40202,"errorMsg":"用户已存在"} - ::1 - 6ms
[2021-11-09T10:29:16.708] [INFO] [Default] - POST 200 /api/public/user/register 请求参数： {"username":"lisi2","password":"123456","nickname":"anne","sex":3} 响应参数： {"success":false,"errorCode":40202,"errorMsg":"用户已存在..."} - ::1 - 201ms
[2021-11-09T10:29:46.630] [INFO] [Default] - POST 200 /api/public/user/register 请求参数： {"username":"lisi2","password":"123456","nickname":"anne","sex":3} 响应参数： {"success":false,"errorCode":40202,"errorMsg":"用户已存在"} - ::1 - 117ms
[2021-11-09T10:29:56.994] [INFO] [Default] - POST 200 /api/public/user/register 请求参数： {"username":"lisi2","password":"123456","nickname":"anne","sex":3} 响应参数： {"success":false,"errorCode":40202,"errorMsg":"用户已存在"} - ::1 - 11ms
[2021-11-09T10:30:16.049] [INFO] [Default] - POST 200 /api/public/user/register 请求参数： {"username":"lisi2","password":"123456","nickname":"anne","sex":3} 响应参数： {"success":false,"errorCode":40202,"errorMsg":"用户已存在"} - ::1 - 52ms
[2021-11-09T10:30:33.579] [INFO] [Default] - POST 200 /api/public/user/register 请求参数： {"username":"lisi2","password":"123456","nickname":"anne","sex":3} 响应参数： {"success":false,"errorCode":40202,"errorMsg":"用户已存在.."} - ::1 - 112ms
[2021-11-09T10:30:41.013] [INFO] [Default] - POST 200 /api/public/user/register 请求参数： {"username":"lisi2","password":"123456","nickname":"anne","sex":3} 响应参数： {"success":false,"errorCode":40202,"errorMsg":"用户已存在.."} - ::1 - 10ms
[2021-11-09T10:32:11.973] [INFO] [Default] - POST 200 /api/public/user/register 请求参数： {"username":"lisi2","password":"123456","nickname":"anne","sex":3} 响应参数： {"success":false,"errorCode":40202,"errorMsg":"用户已存在"} - ::1 - 131ms
[2021-11-09T10:32:43.131] [INFO] [Default] - POST 200 /api/public/user/register 请求参数： {"username":"lisi2","password":"123456","nickname":"anne","sex":3} 响应参数： {"success":false,"errorCode":40202,"errorMsg":"用户已存在..."} - ::1 - 109ms
[2021-11-09T10:33:01.000] [INFO] [Default] - POST 200 /api/public/user/register 请求参数： {"username":"lisi2","password":"123456","nickname":"anne","sex":3} 响应参数： {"success":false,"errorCode":40202,"errorMsg":"用户已存在..."} - ::1 - 26ms
[2021-11-09T18:35:36.262] [INFO] [Default] - POST 200 /api/public/user/register 请求参数： {"username":"lisi2","password":"123456","nickname":"anne","sex":3} 响应参数： {"success":true,"data":{}} - ::1 - 406ms
[2021-11-09T18:37:34.729] [INFO] [Default] - POST 200 /api/public/user/login 请求参数： {"username":"lisi2","password":"123456"} 响应参数： {"success":true,"data":{"id":1,"username":"lisi2","nickname":"anne","token":"eyJhbGciOiJIUzI1NiIsInR5cCI6IkpXVCJ9.eyJ1c2VySWQiOjEsInVzZXJuYW1lIjoibGlzaTIiLCJpYXQiOjE2MzY0NTQyNTQsImV4cCI6MTYzNjQ2MTQ1NH0.AcPEP-a4NSzfEliqTd629k5LRnbvcNKFiJ7wX_pUcuI"}} - ::1 - 23ms
[2021-11-09T18:37:59.762] [ERROR] [Default] - UnauthorizedError: Authentication Error
    at Object.throw (/Users/Amy/Documents/firstshow/great-wall-admin-backend/node_modules/koa/lib/context.js:97:11)
    at jwt (/Users/Amy/Documents/firstshow/great-wall-admin-backend/node_modules/koa-jwt/lib/index.js:23:22)
    at /Users/Amy/Documents/firstshow/great-wall-admin-backend/node_modules/koa-unless/index.js:29:12
    at dispatch (/Users/Amy/Documents/firstshow/great-wall-admin-backend/node_modules/koa-compose/index.js:42:32)
    at cors (/Users/Amy/Documents/firstshow/great-wall-admin-backend/node_modules/koa2-cors/dist/index.js:91:15)
    at dispatch (/Users/Amy/Documents/firstshow/great-wall-admin-backend/node_modules/koa-compose/index.js:42:32)
    at processTicksAndRejections (internal/process/task_queues.js:95:5)
    at async /Users/Amy/Documents/firstshow/great-wall-admin-backend/node_modules/koa-static-cache/index.js:39:63
    at async bodyParser (/Users/Amy/Documents/firstshow/great-wall-admin-backend/node_modules/koa-bodyparser/index.js:95:5)
    at async loggerMiddleware (/Users/Amy/Documents/firstshow/great-wall-admin-backend/src/middlewares/logger.js:32:3)
[2021-11-09T18:37:59.762] [INFO] [Default] - POST 200 /api/create/blog 请求参数： {"title":"标题3","content":"内容3"} 响应参数： {"success":false,"errorCode":-1,"data":null,"errorMsg":"Authentication Error"} - ::1 - 3ms
[2021-11-09T18:38:22.703] [INFO] [Default] - POST 200 /api/create/blog 请求参数： {"title":"标题3","content":"内容3"} 响应参数： {"success":true,"data":{"id":1,"userId":1,"content":"内容3","title":"标题3","updatedAt":"2021-11-09T10:38:22.644Z","createdAt":"2021-11-09T10:38:22.644Z"}} - ::1 - 66ms
[2021-11-09T18:41:57.764] [INFO] [Default] - POST 200 /api/public/user/register 请求参数： {"username":"lisi2","password":"123456","nickname":"anne","sex":3} 响应参数： {"success":false,"errorCode":40202,"errorMsg":"用户已存在..."} - ::1 - 111ms
[2021-11-09T18:42:06.530] [INFO] [Default] - POST 200 /api/public/user/register 请求参数： {"username":"lisi2","password":"123456","nickname":"anne","sex":3} 响应参数： {"success":false,"errorCode":40202,"errorMsg":"用户已存在.."} - ::1 - 89ms
