[2021-11-08T14:09:35.920] [INFO] [Default] - POST 404 /api/login 请求参数： {"username":"zhangsan","password":"adjjd"} 响应参数： undefined - ::1 - 26ms
[2021-11-08T14:09:50.806] [INFO] [Default] - GET 404 / 请求参数： {} 响应参数： undefined - ::1 - 3ms
[2021-11-08T14:09:51.052] [INFO] [Default] - GET 404 /favicon.ico 请求参数： {} 响应参数： undefined - ::1 - 1ms
[2021-11-08T14:10:38.885] [INFO] [Default] - GET 404 /api/user/login 请求参数： {} 响应参数： undefined - ::1 - 0ms
[2021-11-08T14:10:55.778] [INFO] [Default] - POST 404 /api/user/login 请求参数： {"username":"zhangsan","password":"adjjd"} 响应参数： undefined - ::1 - 141ms
[2021-11-08T14:14:08.446] [INFO] [Default] - POST 200 /api/user/login 请求参数： {"username":"zhangsan","password":"adjjd"} 响应参数： {"username":"zhangsan","password":"adjjd"} - ::1 - 28ms
[2021-11-08T14:19:25.928] [INFO] [Default] - POST 404 /api/user/login 请求参数： {"username":"zhangsan","password":"adjjd"} 响应参数： undefined - ::1 - 109ms
[2021-11-08T14:21:15.897] [INFO] [Default] - POST 404 /api/user/login 请求参数： {"username":"zhangsan","password":"adjjd"} 响应参数： undefined - ::1 - 145ms
[2021-11-08T14:22:46.309] [INFO] [Default] - POST 404 /api/user/login 请求参数： {"username":"zhangsan","password":"adjjd"} 响应参数： undefined - ::1 - 190ms
[2021-11-08T14:23:46.932] [INFO] [Default] - POST 404 /api/user/login 请求参数： {"username":"zhangsan","password":"123456"} 响应参数： undefined - ::1 - 23ms
[2021-11-08T14:25:44.232] [INFO] [Default] - POST 404 /api/user/login 请求参数： {"username":"zhangsan","password":"123456"} 响应参数： undefined - ::1 - 159ms
[2021-11-08T14:28:00.586] [INFO] [Default] - POST 200 /api/user/login 请求参数： {"username":"zhangsan","password":"123456"} 响应参数： {"success":false,"errorCode":40204,"message":"登录失败，用户名或密码错误"} - ::1 - 153ms
[2021-11-08T14:32:24.125] [INFO] [Default] - POST 200 /api/user/login 请求参数： {"username":"","password":"123456"} 响应参数： {"success":false,"errorCode":400} - ::1 - 25ms
[2021-11-08T14:34:49.996] [INFO] [Default] - POST 200 /api/user/login 请求参数： {"username":"","password":"123456"} 响应参数： {"success":false,"errorCode":400} - ::1 - 27ms
[2021-11-08T14:44:31.689] [INFO] [Default] - POST 200 /api/user/login 请求参数： {"username":"","password":"123456"} 响应参数： {"success":false,"errorCode":400} - ::1 - 31ms
[2021-11-08T14:44:40.767] [INFO] [Default] - POST 200 /api/user/login 请求参数： {"username":"张","password":"123456"} 响应参数： {"success":false,"errorCode":40204,"message":"登录失败，用户名或密码错误"} - ::1 - 136ms
[2021-11-08T15:10:18.439] [INFO] [Default] - POST 200 /api/user/register 请求参数： {} 响应参数： {"success":false,"errorCode":400} - ::1 - 8ms
[2021-11-08T15:11:10.818] [INFO] [Default] - POST 200 /api/user/register 请求参数： {} 响应参数： {"success":false,"errorCode":-1} - ::1 - 18ms
[2021-11-08T15:13:27.919] [INFO] [Default] - POST 200 /api/user/register 请求参数： {} 响应参数： {"success":false,"errorCode":-1} - ::1 - 21ms
[2021-11-08T15:16:14.521] [INFO] [Default] - POST 200 /api/user/register 请求参数： {} 响应参数： {"success":false,"errorCode":-1} - ::1 - 21ms
[2021-11-08T15:26:13.121] [INFO] [Default] - POST 200 /api/user/register 请求参数： {"username":"zhangsan","password":"123456","nickname":"amy","sex":3} 响应参数： {"success":true,"data":{}} - ::1 - 228ms
[2021-11-08T15:26:47.112] [INFO] [Default] - POST 200 /api/user/login 请求参数： {"username":"zhangsan","password":"123456"} 响应参数： {"success":true,"data":{"id":1,"username":"zhangsan","nickname":"amy","token":"eyJhbGciOiJIUzI1NiIsInR5cCI6IkpXVCJ9.eyJ1c2VySWQiOjEsInVzZXJuYW1lIjoiemhhbmdzYW4iLCJpYXQiOjE2MzYzNTY0MDcsImV4cCI6MTYzNjM2MzYwN30.wcqspmv4thXV7ne7tw50WePXqFJ3gUq2DpegPJJYtq4"}} - ::1 - 49ms
[2021-11-08T15:33:04.872] [INFO] [Default] - POST 404 /api/create/blog 请求参数： {"title":"标题1","content":"内容1"} 响应参数： undefined - ::1 - 31ms
[2021-11-08T15:34:08.240] [INFO] [Default] - POST 404 /api/create/blog 请求参数： {"title":"标题1","content":"内容1"} 响应参数： undefined - ::1 - 32ms
[2021-11-08T15:36:50.430] [INFO] [Default] - POST 404 /api/create/blog 请求参数： {"title":"标题1","content":"内容1"} 响应参数： undefined - ::1 - 27ms
[2021-11-08T15:37:07.915] [INFO] [Default] - POST 404 /api/create/blog 请求参数： {"title":"标题1","content":"内容1"} 响应参数： undefined - ::1 - 4ms
[2021-11-08T15:39:02.212] [INFO] [Default] - POST 404 /api/create/blog 请求参数： {"title":"标题1","content":"内容1"} 响应参数： undefined - ::1 - 27ms
[2021-11-08T15:44:24.573] [INFO] [Default] - POST 404 /api/create/blog 请求参数： {"title":"标题2","content":"内容2"} 响应参数： undefined - ::1 - 30ms
[2021-11-08T15:47:13.807] [INFO] [Default] - POST 404 /api/create/blog 请求参数： {"title":"标题3","content":"内容3"} 响应参数： undefined - ::1 - 47ms
[2021-11-08T15:48:11.022] [INFO] [Default] - POST 200 /api/user/register 请求参数： {"username":"lisi","password":"123456","nickname":"anne","sex":3} 响应参数： {"success":true,"data":{}} - ::1 - 83ms
[2021-11-08T15:48:31.333] [INFO] [Default] - POST 404 /api/create/blog 请求参数： {"title":"标题3","content":"内容3"} 响应参数： undefined - ::1 - 20ms
[2021-11-08T15:52:10.058] [INFO] [Default] - POST 404 /api/create/blog 请求参数： {"title":"标题3","content":"内容3"} 响应参数： undefined - ::1 - 26ms
[2021-11-08T15:58:31.155] [INFO] [Default] - POST 404 /api/create/blog 请求参数： {"title":"标题3","content":"内容3"} 响应参数： undefined - ::1 - 29ms
[2021-11-08T15:59:07.553] [INFO] [Default] - POST 404 /api/create/blog 请求参数： {"title":"标题3","content":"内容3"} 响应参数： undefined - ::1 - 59ms
[2021-11-08T15:59:38.194] [INFO] [Default] - POST 404 /api/create/blog 请求参数： {"title":"标题3","content":"内容3"} 响应参数： undefined - ::1 - 25ms
[2021-11-08T16:03:07.271] [INFO] [Default] - POST 404 /api/create/blog 请求参数： {"title":"标题3","content":"内容3"} 响应参数： undefined - ::1 - 26ms
[2021-11-08T16:04:08.307] [INFO] [Default] - POST 404 /api/create/blog 请求参数： {"title":"标题3","content":"内容3"} 响应参数： undefined - ::1 - 30ms
[2021-11-08T16:06:34.772] [INFO] [Default] - POST 404 /api/create/blog 请求参数： {"title":"标题3","content":"内容3"} 响应参数： undefined - ::1 - 30ms
[2021-11-08T16:08:38.241] [INFO] [Default] - POST 404 /api/create/blog 请求参数： {"title":"标题3","content":"内容3"} 响应参数： undefined - ::1 - 29ms
[2021-11-08T16:09:55.581] [INFO] [Default] - POST 404 /api/create/blog 请求参数： {"title":"标题3","content":"内容3"} 响应参数： undefined - ::1 - 31ms
[2021-11-08T16:16:46.698] [INFO] [Default] - POST 404 /api/create/blog 请求参数： {"title":"标题3","content":"内容3"} 响应参数： undefined - ::1 - 33ms
[2021-11-08T16:17:38.826] [INFO] [Default] - POST 404 /api/create/blog 请求参数： {"title":"标题3","content":"内容3"} 响应参数： undefined - ::1 - 31ms
[2021-11-08T16:18:00.959] [INFO] [Default] - POST 200 /api/user/login 请求参数： {"username":"zhangsan","password":"123456"} 响应参数： {"success":true,"data":{"id":1,"username":"zhangsan","nickname":"amy","token":"eyJhbGciOiJIUzI1NiIsInR5cCI6IkpXVCJ9.eyJ1c2VySWQiOjEsInVzZXJuYW1lIjoiemhhbmdzYW4iLCJpYXQiOjE2MzYzNTk0ODAsImV4cCI6MTYzNjM2NjY4MH0.TSDLELKf64B1usK8UUqY3PDCZJEoF2GhB_R6U4Uvz-Y"}} - ::1 - 25ms
[2021-11-08T16:18:17.644] [INFO] [Default] - POST 404 /api/create/blog 请求参数： {"title":"标题3","content":"内容3"} 响应参数： undefined - ::1 - 2ms
[2021-11-08T16:19:36.803] [INFO] [Default] - POST 200 /api/user/register 请求参数： {"username":"lisi","password":"123456","nickname":"anne","sex":3} 响应参数： {"success":false,"errorCode":40203,"message":"注册失败，请重试"} - ::1 - 147ms
[2021-11-08T16:25:23.797] [INFO] [Default] - POST 200 /api/create/blog 请求参数： {"title":"标题3","content":"内容3"} 响应参数： {"success":true,"data":{"id":17,"userId":1,"content":"内容3","title":"标题3","updatedAt":"2021-11-08T08:25:23.563Z","createdAt":"2021-11-08T08:25:23.563Z"}} - ::1 - 304ms
[2021-11-08T16:28:23.955] [INFO] [Default] - POST 200 /api/user/login 请求参数： {"username":"zhangsan","password":"123456"} 响应参数： {"success":false,"errorCode":-1} - ::1 - 20ms
[2021-11-08T16:40:13.306] [INFO] [Default] - POST 200 /api/public/user/login 请求参数： {"username":"zhangsan","password":"123456"} 响应参数： {"success":true,"data":{"id":1,"username":"zhangsan","nickname":"amy","token":"eyJhbGciOiJIUzI1NiIsInR5cCI6IkpXVCJ9.eyJ1c2VySWQiOjEsInVzZXJuYW1lIjoiemhhbmdzYW4iLCJpYXQiOjE2MzYzNjA4MTMsImV4cCI6MTYzNjM2ODAxM30.UEoz4AYKQFbNMhCTfYfaT_6w5cbuU0OqaM3svgy2J_Q"}} - ::1 - 529ms
[2021-11-08T16:40:30.334] [INFO] [Default] - POST 200 /api/public/user/register 请求参数： {"username":"lisi","password":"123456","nickname":"anne","sex":3} 响应参数： {"success":false,"errorCode":40203,"message":"注册失败，请重试"} - ::1 - 101ms
[2021-11-08T16:40:47.944] [INFO] [Default] - POST 200 /api/public/user/register 请求参数： {"username":"lisi2","password":"123456","nickname":"anne","sex":3} 响应参数： {"success":true,"data":{}} - ::1 - 89ms
[2021-11-08T16:41:03.495] [INFO] [Default] - POST 200 /api/create/blog 请求参数： {"title":"标题3","content":"内容3"} 响应参数： {"success":true,"data":{"id":18,"userId":1,"content":"内容3","title":"标题3","updatedAt":"2021-11-08T08:41:03.477Z","createdAt":"2021-11-08T08:41:03.477Z"}} - ::1 - 27ms
[2021-11-08T16:41:26.420] [INFO] [Default] - POST 200 /api/create/blog 请求参数： {"title":"标题3","content":"内容3"} 响应参数： {"success":false,"errorCode":-1} - ::1 - 15ms
[2021-11-08T16:41:36.765] [INFO] [Default] - POST 200 /api/create/blog 请求参数： {"title":"标题3","content":"内容3"} 响应参数： {"success":false,"errorCode":-1} - ::1 - 2ms
[2021-11-08T16:41:58.534] [INFO] [Default] - POST 200 /api/create/blog 请求参数： {"title":"标题3","content":"内容3"} 响应参数： {"success":false,"errorCode":-1} - ::1 - 6ms
[2021-11-08T19:45:42.825] [INFO] [Default] - POST 200 /api/create/blog 请求参数： {"title":"标题3","content":"内容3"} 响应参数： {"success":false,"errorCode":-1} - ::1 - 47ms
[2021-11-08T19:46:20.789] [INFO] [Default] - POST 200 /api/public/user/login 请求参数： {"username":"zhangsan","password":"123456"} 响应参数： {"success":true,"data":{"id":1,"username":"zhangsan","nickname":"amy","token":"eyJhbGciOiJIUzI1NiIsInR5cCI6IkpXVCJ9.eyJ1c2VySWQiOjEsInVzZXJuYW1lIjoiemhhbmdzYW4iLCJpYXQiOjE2MzYzNzE5ODAsImV4cCI6MTYzNjM3OTE4MH0.9VtYmqa9uA1aieRm97xy1P2fDfVMB-Xw00j1n0Nqf2s"}} - ::1 - 154ms
[2021-11-08T19:46:51.771] [INFO] [Default] - POST 200 /api/create/blog 请求参数： {"title":"标题3","content":"内容3"} 响应参数： {"success":false,"errorCode":-1} - ::1 - 8ms
[2021-11-08T19:48:06.105] [INFO] [Default] - POST 200 /api/create/blog 请求参数： {"title":"标题3","content":"内容3"} 响应参数： {"success":false,"errorCode":-1} - ::1 - 21ms
[2021-11-08T19:48:56.222] [INFO] [Default] - POST 200 /api/create/blog 请求参数： {"title":"标题3","content":"内容3"} 响应参数： {"success":false,"errorCode":-1} - ::1 - 20ms
[2021-11-08T19:49:27.178] [INFO] [Default] - POST 200 /api/create/blog 请求参数： {"title":"标题3","content":"内容3"} 响应参数： {"success":false,"errorCode":-1} - ::1 - 32ms
[2021-11-08T19:52:21.880] [INFO] [Default] - POST 200 /api/create/blog 请求参数： {"title":"标题3","content":"内容3"} 响应参数： {"success":true,"data":{"id":19,"userId":1,"content":"内容3","title":"标题3","updatedAt":"2021-11-08T11:52:21.719Z","createdAt":"2021-11-08T11:52:21.719Z"}} - ::1 - 260ms
[2021-11-08T19:52:31.518] [INFO] [Default] - POST 200 /api/create/blog 请求参数： {"title":"标题3","content":"内容3"} 响应参数： {"success":false,"errorCode":-1} - ::1 - 3ms
[2021-11-08T19:52:38.273] [INFO] [Default] - POST 200 /api/create/blog 请求参数： {"title":"标题3","content":"内容3"} 响应参数： {"success":true,"data":{"id":20,"userId":1,"content":"内容3","title":"标题3","updatedAt":"2021-11-08T11:52:38.203Z","createdAt":"2021-11-08T11:52:38.203Z"}} - ::1 - 76ms
[2021-11-08T19:55:27.350] [INFO] [Default] - POST 200 /api/create/blog 请求参数： {"title":"标题3","content":"内容3"} 响应参数： {"success":true,"data":{"id":21,"userId":1,"content":"内容3","title":"标题3","updatedAt":"2021-11-08T11:55:27.251Z","createdAt":"2021-11-08T11:55:27.251Z"}} - ::1 - 138ms
[2021-11-08T19:55:33.039] [INFO] [Default] - POST 200 /api/create/blog 请求参数： {"title":"标题3","content":"内容3"} 响应参数： {"success":false,"errorCode":-1} - ::1 - 3ms
[2021-11-08T19:56:54.078] [INFO] [Default] - POST 200 /api/create/blog 请求参数： {"title":"标题3","content":"内容3"} 响应参数： {"success":false,"errorCode":-1} - ::1 - 22ms
[2021-11-08T19:58:09.334] [INFO] [Default] - POST 200 /api/create/blog 请求参数： {"title":"标题3","content":"内容3"} 响应参数： {"success":false,"errorCode":40000} - ::1 - 27ms
[2021-11-08T20:02:29.789] [ERROR] [Default] - UnauthorizedError: Authentication Error
    at Object.throw (/Users/Amy/Documents/firstshow/great-wall-admin-backend/node_modules/koa/lib/context.js:97:11)
    at jwt (/Users/Amy/Documents/firstshow/great-wall-admin-backend/node_modules/koa-jwt/lib/index.js:23:22)
    at /Users/Amy/Documents/firstshow/great-wall-admin-backend/node_modules/koa-unless/index.js:29:12
    at dispatch (/Users/Amy/Documents/firstshow/great-wall-admin-backend/node_modules/koa-compose/index.js:42:32)
    at cors (/Users/Amy/Documents/firstshow/great-wall-admin-backend/node_modules/koa2-cors/dist/index.js:91:15)
    at dispatch (/Users/Amy/Documents/firstshow/great-wall-admin-backend/node_modules/koa-compose/index.js:42:32)
    at processTicksAndRejections (internal/process/task_queues.js:95:5)
    at async /Users/Amy/Documents/firstshow/great-wall-admin-backend/node_modules/koa-static-cache/index.js:39:63
    at async bodyParser (/Users/Amy/Documents/firstshow/great-wall-admin-backend/node_modules/koa-bodyparser/index.js:95:5)
    at async loggerMiddleware (/Users/Amy/Documents/firstshow/great-wall-admin-backend/src/middlewares/logger.js:32:3)
[2021-11-08T20:02:29.794] [INFO] [Default] - POST 200 /api/create/blog 请求参数： {"title":"标题3","content":"内容3"} 响应参数： {"code":-1,"data":null,"msg":"Authentication Error"} - ::1 - 33ms
[2021-11-08T20:03:48.151] [ERROR] [Default] - UnauthorizedError: Authentication Error
    at Object.throw (/Users/Amy/Documents/firstshow/great-wall-admin-backend/node_modules/koa/lib/context.js:97:11)
    at jwt (/Users/Amy/Documents/firstshow/great-wall-admin-backend/node_modules/koa-jwt/lib/index.js:23:22)
    at /Users/Amy/Documents/firstshow/great-wall-admin-backend/node_modules/koa-unless/index.js:29:12
    at dispatch (/Users/Amy/Documents/firstshow/great-wall-admin-backend/node_modules/koa-compose/index.js:42:32)
    at cors (/Users/Amy/Documents/firstshow/great-wall-admin-backend/node_modules/koa2-cors/dist/index.js:91:15)
    at dispatch (/Users/Amy/Documents/firstshow/great-wall-admin-backend/node_modules/koa-compose/index.js:42:32)
    at processTicksAndRejections (internal/process/task_queues.js:95:5)
    at async /Users/Amy/Documents/firstshow/great-wall-admin-backend/node_modules/koa-static-cache/index.js:39:63
    at async bodyParser (/Users/Amy/Documents/firstshow/great-wall-admin-backend/node_modules/koa-bodyparser/index.js:95:5)
    at async loggerMiddleware (/Users/Amy/Documents/firstshow/great-wall-admin-backend/src/middlewares/logger.js:32:3)
[2021-11-08T20:03:48.154] [INFO] [Default] - POST 200 /api/create/blog 请求参数： {"title":"标题3","content":"内容3"} 响应参数： {"errorCode":-1,"data":null,"errorMsg":"Authentication Error"} - ::1 - 30ms
[2021-11-08T20:03:50.925] [INFO] [Default] - POST 200 /api/create/blog 请求参数： {"title":"标题3","content":"内容3"} 响应参数： {"success":true,"data":{"id":22,"userId":1,"content":"内容3","title":"标题3","updatedAt":"2021-11-08T12:03:50.749Z","createdAt":"2021-11-08T12:03:50.749Z"}} - ::1 - 190ms
